<?xml version="1.0" encoding="UTF-8"?>
<testng-results ignored="0" total="2" passed="2" failed="0" skipped="0">
  <reporter-output>
  </reporter-output>
  <suite started-at="2023-05-04T17:39:57 AEST" name="Default suite" finished-at="2023-05-04T17:40:02 AEST" duration-ms="4759">
    <groups>
    </groups>
    <test started-at="2023-05-04T17:39:57 AEST" name="Default test" finished-at="2023-05-04T17:40:02 AEST" duration-ms="4759">
      <class name="EndtoEndvalidation.LoginValidation">
        <test-method is-config="true" signature="beforeSuite()[pri:0, instance:EndtoEndvalidation.LoginValidation@3c947bc5]" started-at="2023-05-04T17:39:57 AEST" name="beforeSuite" finished-at="2023-05-04T17:39:57 AEST" duration-ms="5" status="PASS">
          <reporter-output>
          </reporter-output>
        </test-method> <!-- beforeSuite -->
        <test-method is-config="true" signature="beforeTest()[pri:0, instance:EndtoEndvalidation.LoginValidation@3c947bc5]" started-at="2023-05-04T17:39:57 AEST" name="beforeTest" finished-at="2023-05-04T17:39:59 AEST" duration-ms="1632" status="PASS">
          <reporter-output>
          </reporter-output>
        </test-method> <!-- beforeTest -->
        <test-method signature="VerifyTitle()[pri:1, instance:EndtoEndvalidation.LoginValidation@3c947bc5]" started-at="2023-05-04T17:39:59 AEST" name="VerifyTitle" finished-at="2023-05-04T17:40:00 AEST" duration-ms="1048" status="PASS">
          <reporter-output>
          </reporter-output>
        </test-method> <!-- VerifyTitle -->
        <test-method signature="login()[pri:2, instance:EndtoEndvalidation.LoginValidation@3c947bc5]" started-at="2023-05-04T17:40:00 AEST" name="login" finished-at="2023-05-04T17:40:02 AEST" duration-ms="2047" status="PASS">
          <reporter-output>
          </reporter-output>
        </test-method> <!-- login -->
      </class> <!-- EndtoEndvalidation.LoginValidation -->
    </test> <!-- Default test -->
  </suite> <!-- Default suite -->
</testng-results>
